<?xml version="1.0" encoding="UTF-8"?>
<testng-results skipped="0" failed="0" ignored="0" total="1" passed="1">
  <reporter-output>
  </reporter-output>
  <suite name="Default suite" duration-ms="19895" started-at="2020-12-18T16:42:49Z" finished-at="2020-12-18T16:43:08Z">
    <groups>
    </groups>
    <test name="Default test" duration-ms="19895" started-at="2020-12-18T16:42:49Z" finished-at="2020-12-18T16:43:08Z">
      <class name="TC_LoginTest_001">
        <test-method status="PASS" signature="setUp()[pri:0, instance:TC_LoginTest_001@4fb61f4a]" name="setUp" is-config="true" duration-ms="13077" started-at="2020-12-18T22:12:49Z" finished-at="2020-12-18T22:13:02Z">
          <reporter-output>
          </reporter-output>
        </test-method> <!-- setUp -->
        <test-method status="PASS" signature="loginTest()[pri:0, instance:TC_LoginTest_001@4fb61f4a]" name="loginTest" duration-ms="6146" started-at="2020-12-18T22:13:02Z" finished-at="2020-12-18T22:13:08Z">
          <reporter-output>
          </reporter-output>
        </test-method> <!-- loginTest -->
        <test-method status="PASS" signature="tearDowm()[pri:0, instance:TC_LoginTest_001@4fb61f4a]" name="tearDowm" is-config="true" duration-ms="628" started-at="2020-12-18T22:13:08Z" finished-at="2020-12-18T22:13:08Z">
          <reporter-output>
          </reporter-output>
        </test-method> <!-- tearDowm -->
      </class> <!-- TC_LoginTest_001 -->
    </test> <!-- Default test -->
  </suite> <!-- Default suite -->
</testng-results>
